d:\egyetem\projects\heictojpg\heictojpg\x64\debug\vc143.pdb
d:\egyetem\projects\heictojpg\heictojpg\x64\debug\vc143.idb
d:\egyetem\projects\heictojpg\heictojpg\x64\debug\main.obj
d:\egyetem\projects\heictojpg\heictojpg\x64\debug\imgui_widgets.obj
d:\egyetem\projects\heictojpg\heictojpg\x64\debug\imgui_tables.obj
d:\egyetem\projects\heictojpg\heictojpg\x64\debug\imgui_impl_win32.obj
d:\egyetem\projects\heictojpg\heictojpg\x64\debug\imgui_impl_dx12.obj
d:\egyetem\projects\heictojpg\heictojpg\x64\debug\imgui_draw.obj
d:\egyetem\projects\heictojpg\heictojpg\x64\debug\imgui_demo.obj
d:\egyetem\projects\heictojpg\heictojpg\x64\debug\imgui.obj
d:\egyetem\projects\heictojpg\x64\debug\heictojpg.exe
d:\egyetem\projects\heictojpg\heictojpg\x64\debug\heictojpg.ilk
d:\egyetem\projects\heictojpg\x64\debug\heictojpg.pdb
d:\egyetem\projects\heictojpg\heictojpg\x64\debug\imagemagicwrapper.obj
d:\egyetem\projects\heictojpg\heictojpg\x64\debug\heictojpg.tlog\cl.command.1.tlog
d:\egyetem\projects\heictojpg\heictojpg\x64\debug\heictojpg.tlog\cl.read.1.tlog
d:\egyetem\projects\heictojpg\heictojpg\x64\debug\heictojpg.tlog\cl.write.1.tlog
d:\egyetem\projects\heictojpg\heictojpg\x64\debug\heictojpg.tlog\link.command.1.tlog
d:\egyetem\projects\heictojpg\heictojpg\x64\debug\heictojpg.tlog\link.read.1.tlog
d:\egyetem\projects\heictojpg\heictojpg\x64\debug\heictojpg.tlog\link.write.1.tlog
